Build started 2014-10-03 13:28:36.
     1>Project "C:\Users\Viking\Desktop\AsianViking\AsianViking\AsianViking.vcxproj" on node 2 (Build target(s)).
     1>ClCompile:
         C:\Program Files (x86)\Microsoft Visual Studio 12.0\VC\bin\CL.exe /c /I"C:\Users\SPK10nguyen\Dropbox\SVN\AsianViking\cereal-1.0.0\include" /I"C:\Users\SPK10nguyen\Dropbox\SVN\AsianVikingBranch\SFML-2.1\include" /ZI /nologo /W3 /WX- /sdl /Od /Oy- /D _MBCS /Gm /EHsc /RTC1 /MDd /GS /fp:precise /Zc:wchar_t /Zc:forScope /Fo"Debug\\" /Fd"Debug\vc120.pdb" /Gd /TP /analyze- /errorReport:prompt Component\InputComponentDefiner.cpp
         Skipping... (no relevant changes detected)
         InputComponentDefiner.cpp
       Link:
         C:\Program Files (x86)\Microsoft Visual Studio 12.0\VC\bin\link.exe /ERRORREPORT:PROMPT /OUT:"C:\Users\Viking\Desktop\AsianViking\Debug\AsianViking.exe" /INCREMENTAL /NOLOGO /LIBPATH:"C:\Users\SPK10nguyen\Dropbox\SVN\AsianVikingBranch\SFML-2.1\lib" "sfml-graphics-d.lib" "sfml-window-d.lib" "sfml-system-d.lib" kernel32.lib user32.lib gdi32.lib winspool.lib comdlg32.lib advapi32.lib shell32.lib ole32.lib oleaut32.lib uuid.lib odbc32.lib odbccp32.lib /MANIFEST /MANIFESTUAC:"level='asInvoker' uiAccess='false'" /manifest:embed /DEBUG /PDB:"C:\Users\Viking\Desktop\AsianViking\Debug\AsianViking.pdb" /TLBID:1 /DYNAMICBASE /NXCOMPAT /IMPLIB:"C:\Users\Viking\Desktop\AsianViking\Debug\AsianViking.lib" /MACHINE:X86 Debug\BaseComponentDefiner.obj
         Debug\GameObjectDefiner.obj
         Debug\HitboxComponentDefiner.obj
         Debug\InputComponentDefiner.obj
         Debug\RenderComponentDefiner.obj
         Debug\TransformComponentDefiner.obj
         Debug\GameDefiner.obj
         Debug\GameHandler.obj
         Debug\LoadAndSave.obj
         Debug\RenderHandlerDefiner.obj
         Debug\WindowDefiner.obj
         Debug\WindowHandler.obj
         Debug\WorldManagement.obj
         AsianViking.vcxproj -> C:\Users\Viking\Desktop\AsianViking\Debug\AsianViking.exe
     1>Done Building Project "C:\Users\Viking\Desktop\AsianViking\AsianViking\AsianViking.vcxproj" (Build target(s)).

Build succeeded.

Time Elapsed 00:00:05.10
